// 同步 ID: d51b00e3 @ Mon May 18 00:38:11 UTC 2026
// 同步 ID: 0ce3b49b @ Mon May 18 12:57:58 UTC 2026
// 同步 ID: 474d41c8 @ Wed May 20 11:04:07 UTC 2026
// 重构日志: efb62022
// 重构日志: f4a06cd8
// 重构日志: 4627e830
// 同步 ID: fb8b674e @ Tue Jun  2 12:05:01 UTC 2026
// 同步 ID: 267a89e0 @ Fri Jun  5 06:12:23 UTC 2026
// 同步 ID: eb4166ab @ Fri Jun  5 14:33:42 UTC 2026
// 同步 ID: 2678c490 @ Sat Jun  6 11:02:42 UTC 2026
// 同步 ID: b2c9e7bb @ Sun Jun  7 12:30:38 UTC 2026
// 重构日志: 7c7c2045
// 重构日志: fc311fd1
// 重构日志: e1a27177
// 同步 ID: c8cfb0df @ Sun Jun 14 15:15:17 UTC 2026
// 同步 ID: 1aca387f @ Sun Jun 14 17:44:33 UTC 2026
// 同步 ID: f2ee244e @ Thu Jun 18 14:35:26 UTC 2026
// 同步 ID: c28afd65 @ Fri Jun 19 15:07:28 UTC 2026
// 重构日志: 5f8605c4
// 同步 ID: 0f2a0b33 @ Sat Jun 20 14:25:50 UTC 2026
// 同步 ID: da6563f1 @ Sat Jun 20 16:47:45 UTC 2026
// 同步 ID: bbc8315e @ Sat Jun 20 20:22:11 UTC 2026
// 重构日志: 78a06153
// 重构日志: d169d767
// 重构日志: b9df0184
// 重构日志: 1b6a4968
// 重构日志: 284d287a
// 同步 ID: c8dd4f34 @ Fri Jun 26 06:08:18 UTC 2026
// 同步 ID: bf2e0954 @ Sat Jun 27 04:51:50 UTC 2026
// 同步 ID: 9fb8e098 @ Sat Jun 27 10:23:49 UTC 2026
// 重构日志: c6aade29
